0 info it worked if it ends with ok
1 verbose cli [ '/usr/local/bin/node',
1 verbose cli   '/usr/local/bin/npm',
1 verbose cli   'install',
1 verbose cli   '-g',
1 verbose cli   'bower',
1 verbose cli   'fontawesome' ]
2 info using npm@2.7.4
3 info using node@v0.12.2
4 silly cache add args [ 'bower', null ]
5 verbose cache add spec bower
6 silly cache add args [ 'fontawesome', null ]
7 verbose cache add spec fontawesome
8 silly cache add parsed spec { raw: 'bower',
8 silly cache add   scope: null,
8 silly cache add   name: 'bower',
8 silly cache add   rawSpec: '',
8 silly cache add   spec: '*',
8 silly cache add   type: 'range' }
9 verbose addNamed bower@*
10 silly addNamed semver.valid null
11 silly addNamed semver.validRange *
12 silly addNameRange { name: 'bower', range: '*', hasData: false }
13 silly mapToRegistry name bower
14 silly mapToRegistry using default registry
15 silly mapToRegistry registry https://registry.npmjs.org/
16 silly mapToRegistry uri https://registry.npmjs.org/bower
17 verbose addNameRange registry:https://registry.npmjs.org/bower not in flight; fetching
18 silly cache add parsed spec { raw: 'fontawesome',
18 silly cache add   scope: null,
18 silly cache add   name: 'fontawesome',
18 silly cache add   rawSpec: '',
18 silly cache add   spec: '*',
18 silly cache add   type: 'range' }
19 verbose addNamed fontawesome@*
20 silly addNamed semver.valid null
21 silly addNamed semver.validRange *
22 silly addNameRange { name: 'fontawesome', range: '*', hasData: false }
23 silly mapToRegistry name fontawesome
24 silly mapToRegistry using default registry
25 silly mapToRegistry registry https://registry.npmjs.org/
26 silly mapToRegistry uri https://registry.npmjs.org/fontawesome
27 verbose addNameRange registry:https://registry.npmjs.org/fontawesome not in flight; fetching
28 verbose request uri https://registry.npmjs.org/fontawesome
29 verbose request no auth needed
30 info attempt registry request try #1 at 7:36:11 PM
31 verbose request id db12929ad9ec5c4f
32 http request GET https://registry.npmjs.org/fontawesome
33 verbose request uri https://registry.npmjs.org/bower
34 verbose request no auth needed
35 info attempt registry request try #1 at 7:36:11 PM
36 verbose etag "DXC5UUMO57DR66PP7CETXCDV1"
37 http request GET https://registry.npmjs.org/bower
38 http 304 https://registry.npmjs.org/bower
39 silly get cb [ 304,
39 silly get   { date: 'Wed, 23 Mar 2016 18:36:12 GMT',
39 silly get     via: '1.1 varnish',
39 silly get     'cache-control': 'max-age=300',
39 silly get     etag: '"DXC5UUMO57DR66PP7CETXCDV1"',
39 silly get     age: '1',
39 silly get     connection: 'keep-alive',
39 silly get     'x-served-by': 'cache-ams4121-AMS',
39 silly get     'x-cache': 'HIT',
39 silly get     'x-cache-hits': '1',
39 silly get     'x-timer': 'S1458758172.121464,VS0,VE0',
39 silly get     vary: 'Accept' } ]
40 verbose etag https://registry.npmjs.org/bower from cache
41 verbose get saving bower to /Users/Bowromir/.npm/registry.npmjs.org/bower/.cache.json
42 silly addNameRange number 2 { name: 'bower', range: '*', hasData: true }
43 silly addNameRange versions [ 'bower',
43 silly addNameRange   [ '0.1.0',
43 silly addNameRange     '0.1.2',
43 silly addNameRange     '0.1.3',
43 silly addNameRange     '0.2.0',
43 silly addNameRange     '0.3.0',
43 silly addNameRange     '0.3.1',
43 silly addNameRange     '0.3.2',
43 silly addNameRange     '0.4.0',
43 silly addNameRange     '0.5.0',
43 silly addNameRange     '0.5.1',
43 silly addNameRange     '0.6.0',
43 silly addNameRange     '0.6.1',
43 silly addNameRange     '0.6.2',
43 silly addNameRange     '0.6.3',
43 silly addNameRange     '0.6.4',
43 silly addNameRange     '0.6.5',
43 silly addNameRange     '0.6.6',
43 silly addNameRange     '0.6.7',
43 silly addNameRange     '0.6.8',
43 silly addNameRange     '0.7.0',
43 silly addNameRange     '0.7.1',
43 silly addNameRange     '0.8.0',
43 silly addNameRange     '0.8.1',
43 silly addNameRange     '0.8.2',
43 silly addNameRange     '0.8.3',
43 silly addNameRange     '0.8.4',
43 silly addNameRange     '0.8.5',
43 silly addNameRange     '0.8.6',
43 silly addNameRange     '0.9.0',
43 silly addNameRange     '0.9.1',
43 silly addNameRange     '0.9.2',
43 silly addNameRange     '0.10.0',
43 silly addNameRange     '1.0.0',
43 silly addNameRange     '1.0.1',
43 silly addNameRange     '1.0.2',
43 silly addNameRange     '1.0.3',
43 silly addNameRange     '1.1.0',
43 silly addNameRange     '1.1.1',
43 silly addNameRange     '1.1.2',
43 silly addNameRange     '1.2.0',
43 silly addNameRange     '1.2.1',
43 silly addNameRange     '1.2.2',
43 silly addNameRange     '1.2.3',
43 silly addNameRange     '1.2.4',
43 silly addNameRange     '1.2.5',
43 silly addNameRange     '1.2.6',
43 silly addNameRange     '1.2.7',
43 silly addNameRange     '1.2.8',
43 silly addNameRange     '1.3.0',
43 silly addNameRange     '1.3.1',
43 silly addNameRange     '1.3.2',
43 silly addNameRange     '1.3.3',
43 silly addNameRange     '1.3.4',
43 silly addNameRange     '1.3.5',
43 silly addNameRange     '1.3.6',
43 silly addNameRange     '1.3.7',
43 silly addNameRange     '1.3.8',
43 silly addNameRange     '1.3.9',
43 silly addNameRange     '1.3.10',
43 silly addNameRange     '1.3.11',
43 silly addNameRange     '1.3.12',
43 silly addNameRange     '1.4.0',
43 silly addNameRange     '1.4.1',
43 silly addNameRange     '1.5.0',
43 silly addNameRange     '1.5.1',
43 silly addNameRange     '1.5.2',
43 silly addNameRange     '1.5.3',
43 silly addNameRange     '1.6.2',
43 silly addNameRange     '1.6.3',
43 silly addNameRange     '1.6.4',
43 silly addNameRange     '1.6.5',
43 silly addNameRange     '1.5.4',
43 silly addNameRange     '1.4.2',
43 silly addNameRange     '1.6.6',
43 silly addNameRange     '1.6.7',
43 silly addNameRange     '1.6.8',
43 silly addNameRange     '1.6.9',
43 silly addNameRange     '1.7.0',
43 silly addNameRange     '1.7.1',
43 silly addNameRange     '1.7.2',
43 silly addNameRange     '1.7.5',
43 silly addNameRange     '1.7.6',
43 silly addNameRange     '1.7.7' ] ]
44 verbose addNamed bower@1.7.7
45 silly addNamed semver.valid 1.7.7
46 silly addNamed semver.validRange 1.7.7
47 silly cache afterAdd bower@1.7.7
48 verbose afterAdd /Users/Bowromir/.npm/bower/1.7.7/package/package.json not in flight; writing
49 verbose afterAdd /Users/Bowromir/.npm/bower/1.7.7/package/package.json written
50 http 200 https://registry.npmjs.org/fontawesome
51 silly get cb [ 200,
51 silly get   { server: 'CouchDB/1.5.0 (Erlang OTP/R16B03)',
51 silly get     etag: '"7SXZVG2V6C0MQWIBR12O9MYXO"',
51 silly get     'content-type': 'application/json',
51 silly get     'cache-control': 'max-age=300',
51 silly get     'content-length': '2429',
51 silly get     'accept-ranges': 'bytes',
51 silly get     date: 'Wed, 23 Mar 2016 18:36:12 GMT',
51 silly get     via: '1.1 varnish',
51 silly get     age: '0',
51 silly get     connection: 'keep-alive',
51 silly get     'x-served-by': 'cache-ams4133-AMS',
51 silly get     'x-cache': 'MISS',
51 silly get     'x-cache-hits': '0',
51 silly get     'x-timer': 'S1458758172.119006,VS0,VE737',
51 silly get     vary: 'Accept' } ]
52 verbose get saving fontawesome to /Users/Bowromir/.npm/registry.npmjs.org/fontawesome/.cache.json
53 silly addNameRange number 2 { name: 'fontawesome', range: '*', hasData: true }
54 silly addNameRange versions [ 'fontawesome', [ '4.5.0' ] ]
55 verbose addNamed fontawesome@4.5.0
56 silly addNamed semver.valid 4.5.0
57 silly addNamed semver.validRange 4.5.0
58 silly mapToRegistry name fontawesome
59 silly mapToRegistry using default registry
60 silly mapToRegistry registry https://registry.npmjs.org/
61 silly mapToRegistry uri https://registry.npmjs.org/fontawesome
62 verbose addRemoteTarball https://registry.npmjs.org/fontawesome/-/fontawesome-4.5.0.tgz not in flight; adding
63 verbose addRemoteTarball [ 'https://registry.npmjs.org/fontawesome/-/fontawesome-4.5.0.tgz',
63 verbose addRemoteTarball   '292915ce87e97341fd1dd2f9bd8615d3b8f55fff' ]
64 info retry fetch attempt 1 at 7:36:12 PM
65 info attempt registry request try #1 at 7:36:12 PM
66 http fetch GET https://registry.npmjs.org/fontawesome/-/fontawesome-4.5.0.tgz
67 http fetch 200 https://registry.npmjs.org/fontawesome/-/fontawesome-4.5.0.tgz
68 silly fetchAndShaCheck shasum 292915ce87e97341fd1dd2f9bd8615d3b8f55fff
69 verbose addTmpTarball /var/folders/84/x8z91xz57bd7l8rcvm2gsdc80000gn/T/npm-74960-1c4427b4/registry.npmjs.org/fontawesome/-/fontawesome-4.5.0.tgz not in flight; adding
70 verbose addTmpTarball already have metadata; skipping unpack for fontawesome@4.5.0
71 silly cache afterAdd fontawesome@4.5.0
72 verbose afterAdd /Users/Bowromir/.npm/fontawesome/4.5.0/package/package.json not in flight; writing
73 verbose afterAdd /Users/Bowromir/.npm/fontawesome/4.5.0/package/package.json written
74 silly install resolved [ { name: 'bower',
74 silly install resolved     version: '1.7.7',
74 silly install resolved     description: 'The browser package manager',
74 silly install resolved     author: { name: 'Twitter' },
74 silly install resolved     license: 'MIT',
74 silly install resolved     repository: { type: 'git', url: 'git+https://github.com/bower/bower.git' },
74 silly install resolved     main: 'lib',
74 silly install resolved     bin: { bower: 'bin/bower' },
74 silly install resolved     homepage: 'http://bower.io',
74 silly install resolved     engines: { node: '>=0.10.0' },
74 silly install resolved     keywords: [ 'bower' ],
74 silly install resolved     files: [ 'bin', 'lib' ],
74 silly install resolved     bugs: { url: 'https://github.com/bower/bower/issues' },
74 silly install resolved     _id: 'bower@1.7.7',
74 silly install resolved     scripts: {},
74 silly install resolved     _shasum: '2fd7ff3ebdcba5a8ffcd84c397c8fdfe9f825f92',
74 silly install resolved     _from: 'bower@*',
74 silly install resolved     _npmVersion: '3.5.3',
74 silly install resolved     _nodeVersion: '4.1.1',
74 silly install resolved     _npmUser: { name: 'sheerun', email: 'sheerun@sher.pl' },
74 silly install resolved     dist:
74 silly install resolved      { shasum: '2fd7ff3ebdcba5a8ffcd84c397c8fdfe9f825f92',
74 silly install resolved        tarball: 'http://registry.npmjs.org/bower/-/bower-1.7.7.tgz' },
74 silly install resolved     maintainers:
74 silly install resolved      [ [Object],
74 silly install resolved        [Object],
74 silly install resolved        [Object],
74 silly install resolved        [Object],
74 silly install resolved        [Object],
74 silly install resolved        [Object],
74 silly install resolved        [Object] ],
74 silly install resolved     directories: {},
74 silly install resolved     _resolved: 'https://registry.npmjs.org/bower/-/bower-1.7.7.tgz',
74 silly install resolved     readme: 'ERROR: No README data found!' },
74 silly install resolved   { name: 'fontawesome',
74 silly install resolved     version: '4.5.0',
74 silly install resolved     description: 'Get the Font Awesome unicode character by the icon name.',
74 silly install resolved     author: { name: 'Moritz Marquardt' },
74 silly install resolved     license: 'MIT',
74 silly install resolved     main: 'index.js',
74 silly install resolved     keywords:
74 silly install resolved      [ 'fontawesome',
74 silly install resolved        'unicode',
74 silly install resolved        'icons',
74 silly install resolved        'icon',
74 silly install resolved        'utf',
74 silly install resolved        'character',
74 silly install resolved        'font',
74 silly install resolved        'awesome' ],
74 silly install resolved     repository:
74 silly install resolved      { type: 'git',
74 silly install resolved        url: 'git+https://github.com/moqmar/node-fontawesome.git' },
74 silly install resolved     bugs: { url: 'https://github.com/moqmar/node-fontawesome/issues' },
74 silly install resolved     homepage: 'https://github.com/moqmar/node-fontawesome#readme',
74 silly install resolved     gitHead: '996b65e094600503116504093ab063c40c63661c',
74 silly install resolved     _id: 'fontawesome@4.5.0',
74 silly install resolved     scripts: {},
74 silly install resolved     _shasum: '292915ce87e97341fd1dd2f9bd8615d3b8f55fff',
74 silly install resolved     _from: 'fontawesome@*',
74 silly install resolved     _npmVersion: '2.14.12',
74 silly install resolved     _nodeVersion: '4.2.6',
74 silly install resolved     _npmUser: { name: 'momar', email: 'git@mo-mar.de' },
74 silly install resolved     dist:
74 silly install resolved      { shasum: '292915ce87e97341fd1dd2f9bd8615d3b8f55fff',
74 silly install resolved        tarball: 'http://registry.npmjs.org/fontawesome/-/fontawesome-4.5.0.tgz' },
74 silly install resolved     maintainers: [ [Object] ],
74 silly install resolved     _npmOperationalInternal:
74 silly install resolved      { host: 'packages-12-west.internal.npmjs.com',
74 silly install resolved        tmp: 'tmp/fontawesome-4.5.0.tgz_1456993100039_0.2101524465251714' },
74 silly install resolved     directories: {},
74 silly install resolved     _resolved: 'https://registry.npmjs.org/fontawesome/-/fontawesome-4.5.0.tgz' } ]
75 info install bower@1.7.7 into /usr/local/lib
76 info install fontawesome@4.5.0 into /usr/local/lib
77 info installOne bower@1.7.7
78 verbose installOne of bower to /usr/local/lib not in flight; installing
79 info installOne fontawesome@4.5.0
80 verbose installOne of fontawesome to /usr/local/lib not in flight; installing
81 warn locking Error: EACCES, open '/Users/Bowromir/.npm/_locks/bower-e8debc5417026b57.lock'
81 warn locking     at Error (native)
81 warn locking  /Users/Bowromir/.npm/_locks/bower-e8debc5417026b57.lock failed { [Error: EACCES, open '/Users/Bowromir/.npm/_locks/bower-e8debc5417026b57.lock']
81 warn locking   errno: -13,
81 warn locking   code: 'EACCES',
81 warn locking   path: '/Users/Bowromir/.npm/_locks/bower-e8debc5417026b57.lock' }
82 verbose stack Error: Attempt to unlock /usr/local/lib/node_modules/bower, which hasn't been locked
82 verbose stack     at unlock (/usr/local/lib/node_modules/npm/lib/utils/locker.js:66:11)
82 verbose stack     at cb (/usr/local/lib/node_modules/npm/lib/install.js:1004:5)
82 verbose stack     at /usr/local/lib/node_modules/npm/lib/install.js:1008:20
82 verbose stack     at /usr/local/lib/node_modules/npm/lib/utils/locker.js:40:9
82 verbose stack     at cb (/usr/local/lib/node_modules/npm/node_modules/lockfile/lockfile.js:149:38)
82 verbose stack     at /usr/local/lib/node_modules/npm/node_modules/lockfile/lockfile.js:177:38
82 verbose stack     at FSReqWrap.oncomplete (fs.js:95:15)
83 verbose cwd /Users/Bowromir/webserver/wefoster-development/wp-content/themes/wefoster
84 error Darwin 14.5.0
85 error argv "/usr/local/bin/node" "/usr/local/bin/npm" "install" "-g" "bower" "fontawesome"
86 error node v0.12.2
87 error npm  v2.7.4
88 error Attempt to unlock /usr/local/lib/node_modules/bower, which hasn't been locked
89 error If you need help, you may report this error at:
89 error     <https://github.com/npm/npm/issues>
90 verbose exit [ 1, true ]
